[2018-03-16T17:00:11.885] [ERROR] errorLogger - 
*************** error log start ***************
request method: GET
request originalUrl: /
request ip: ::1
request query: {}
response start time: undefined
err name: ReferenceError
err message: resTime is not defined
err stack: ReferenceError: resTime is not defined
    at formatRes (/Users/nick/Downloads/nodeLearn/koa_learn/HelloKoa2/utils/log_util.js:35:42)
    at Object.logUtil.logResponse (/Users/nick/Downloads/nodeLearn/koa_learn/HelloKoa2/utils/log_util.js:23:24)
    at app.use (/Users/nick/Downloads/nodeLearn/koa_learn/HelloKoa2/app.js:30:17)
    at <anonymous>
*************** error log end ***************

[2018-03-16T17:00:11.959] [ERROR] errorLogger - 
*************** error log start ***************
request method: GET
request originalUrl: /stylesheets/style.css
request ip: ::1
request query: {}
response start time: undefined
err name: ReferenceError
err message: resTime is not defined
err stack: ReferenceError: resTime is not defined
    at formatRes (/Users/nick/Downloads/nodeLearn/koa_learn/HelloKoa2/utils/log_util.js:35:42)
    at Object.logUtil.logResponse (/Users/nick/Downloads/nodeLearn/koa_learn/HelloKoa2/utils/log_util.js:23:24)
    at app.use (/Users/nick/Downloads/nodeLearn/koa_learn/HelloKoa2/app.js:30:17)
    at <anonymous>
*************** error log end ***************

[2018-03-16T17:09:03.323] [ERROR] errorLogger - 
*************** error log start ***************
request method: GET
request originalUrl: /
request ip: ::1
request query: {}
response start time: undefined
err name: ReferenceError
err message: resTime is not defined
err stack: ReferenceError: resTime is not defined
    at formatRes (/Users/nick/Downloads/nodeLearn/koa_learn/HelloKoa2/utils/log_util.js:35:42)
    at Object.logUtil.logResponse (/Users/nick/Downloads/nodeLearn/koa_learn/HelloKoa2/utils/log_util.js:23:24)
    at app.use (/Users/nick/Downloads/nodeLearn/koa_learn/HelloKoa2/app.js:30:17)
    at <anonymous>
*************** error log end ***************

[2018-03-16T17:09:03.388] [ERROR] errorLogger - 
*************** error log start ***************
request method: GET
request originalUrl: /stylesheets/style.css
request ip: ::1
request query: {}
response start time: undefined
err name: ReferenceError
err message: resTime is not defined
err stack: ReferenceError: resTime is not defined
    at formatRes (/Users/nick/Downloads/nodeLearn/koa_learn/HelloKoa2/utils/log_util.js:35:42)
    at Object.logUtil.logResponse (/Users/nick/Downloads/nodeLearn/koa_learn/HelloKoa2/utils/log_util.js:23:24)
    at app.use (/Users/nick/Downloads/nodeLearn/koa_learn/HelloKoa2/app.js:30:17)
    at <anonymous>
*************** error log end ***************

[2018-03-16T17:10:03.187] [ERROR] errorLogger - 
*************** error log start ***************
request method: GET
request originalUrl: /
request ip: ::1
request query: {}
err name: ReferenceError
err message: resTime is not defined
err stack: ReferenceError: resTime is not defined
    at formatRes (/Users/nick/Downloads/nodeLearn/koa_learn/HelloKoa2/utils/log_util.js:35:42)
    at Object.logUtil.logResponse (/Users/nick/Downloads/nodeLearn/koa_learn/HelloKoa2/utils/log_util.js:23:24)
    at app.use (/Users/nick/Downloads/nodeLearn/koa_learn/HelloKoa2/app.js:30:17)
    at <anonymous>
*************** error log end ***************

[2018-03-16T17:10:03.233] [ERROR] errorLogger - 
*************** error log start ***************
request method: GET
request originalUrl: /stylesheets/style.css
request ip: ::1
request query: {}
err name: ReferenceError
err message: resTime is not defined
err stack: ReferenceError: resTime is not defined
    at formatRes (/Users/nick/Downloads/nodeLearn/koa_learn/HelloKoa2/utils/log_util.js:35:42)
    at Object.logUtil.logResponse (/Users/nick/Downloads/nodeLearn/koa_learn/HelloKoa2/utils/log_util.js:23:24)
    at app.use (/Users/nick/Downloads/nodeLearn/koa_learn/HelloKoa2/app.js:30:17)
    at <anonymous>
*************** error log end ***************

